 ===========================================================
 =================== Decomp2D - log ========================
 ===========================================================
 Release 2.0
 Git version        : v2.0.4-0-g959c2ff
 Total ranks            1
 Global data size :           65          65          65
 p_row, p_col :            1           1
 Periodicity :  F F F
 Number of bytes / float number :            8
 ===========================================================
 Compile flags detected :
 Numerical precision: Double
 Compiled with GCC version 11.4.0
 Compiler options : -cpp -I /home/hxu40/software/Incompact3d_2/Incompact3d/build/decomp2d-src/src -I /mnt/common/hxu40/software/Incompact3d_2/Incompact3d/build/decomp2d-build/downloadBuild2decomp-prefix/src/downloadBuild2decomp-build/include -I /mnt/common/hxu40/spack/opt/spack/linux-skylake_avx512/openmpi-5.0.9-ruzpfypjebiwjl5mcpko7uvqjnxkiwrd/include -I /mnt/common/hxu40/spack/opt/spack/linux-skylake_avx512/openmpi-5.0.9-ruzpfypjebiwjl5mcpko7uvqjnxkiwrd/lib -imultiarch x86_64-linux-gnu -D DOUBLE_PREC -D VERSION="v2.0.4-0-g959c2ff" -march=skylake-avx512 -mmmx -mpopcnt -msse -msse2 -msse3 -mssse3 -msse4.1 -msse4.2 -mavx -mavx2 -mno-sse4a -mno-fma4 -mno-xop -mfma -mavx512f -mbmi -mbmi2 -maes -mpclmul -mavx512vl -mavx512bw -mavx512dq -mavx512cd -mno-avx512er -mno-avx512pf -mno-avx512vbmi -mno-avx512ifma -mno-avx5124vnniw -mno-avx5124fmaps -mno-avx512vpopcntdq -mno-avx512vbmi2 -mno-gfni -mno-vpclmulqdq -mno-avx512vnni -mno-avx512bitalg -mno-avx512bf16 -mno-avx512vp2intersect -mno-3dnow -madx -mabm -mno-cldemote -mclflushopt -mclwb -mno-clzero -mcx16 -mno-enqcmd -mf16c -mfsgsbase -mfxsr -mhle -msahf -mno-lwp -mlzcnt -mmovbe -mno-movdir64b -mno-movdiri -mno-mwaitx -mno-pconfig -mpku -mno-prefetchwt1 -mprfchw -mno-ptwrite -mno-rdpid -mrdrnd -mrdseed -mrtm -mno-serialize -mno-sgx -mno-sha -mno-shstk -mno-tbm -mno-tsxldtrk -mno-vaes -mno-waitpkg -mno-wbnoinvd -mxsave -mxsavec -mxsaveopt -mxsaves -mno-amx-tile -mno-amx-int8 -mno-amx-bf16 -mno-uintr -mno-hreset -mno-kl -mno-widekl -mno-avxvnni --param=l1-cache-size=32 --param=l1-cache-line-size=64 --param=l2-cache-size=14080 -mtune=skylake-avx512 -O3 -std=f2008 -ffree-line-length-none -fallow-argument-mismatch -J ../include -fpre-include=/usr/include/finclude/math-vector-fortran.h
 Version of the MPI library : 3.1
 ===========================================================
 Profiler id :            0
 ===========================================================
 Decomp_info : decomp_main
    Global size :           65          65          65
 Uninitialized decomp_info phG
 Uninitialized decomp_info ph1
 Uninitialized decomp_info ph2
 Uninitialized decomp_info ph3
 Uninitialized decomp_info ph4
 ===========================================================
 ===========================================================
 ===========================================================
 =================== Decomp2D - log ========================
 ===========================================================
 Release 2.0
 Git version        : v2.0.4-0-g959c2ff
 Total ranks            1
 Global data size :           65          65          65
 p_row, p_col :            1           1
 Periodicity :  F F F
 Number of bytes / float number :            8
 ===========================================================
 Compile flags detected :
 Numerical precision: Double
 Compiled with GCC version 11.4.0
 Compiler options : -cpp -I /home/hxu40/software/Incompact3d_2/Incompact3d/build/decomp2d-src/src -I /mnt/common/hxu40/software/Incompact3d_2/Incompact3d/build/decomp2d-build/downloadBuild2decomp-prefix/src/downloadBuild2decomp-build/include -I /mnt/common/hxu40/spack/opt/spack/linux-skylake_avx512/openmpi-5.0.9-ruzpfypjebiwjl5mcpko7uvqjnxkiwrd/include -I /mnt/common/hxu40/spack/opt/spack/linux-skylake_avx512/openmpi-5.0.9-ruzpfypjebiwjl5mcpko7uvqjnxkiwrd/lib -imultiarch x86_64-linux-gnu -D DOUBLE_PREC -D VERSION="v2.0.4-0-g959c2ff" -march=skylake-avx512 -mmmx -mpopcnt -msse -msse2 -msse3 -mssse3 -msse4.1 -msse4.2 -mavx -mavx2 -mno-sse4a -mno-fma4 -mno-xop -mfma -mavx512f -mbmi -mbmi2 -maes -mpclmul -mavx512vl -mavx512bw -mavx512dq -mavx512cd -mno-avx512er -mno-avx512pf -mno-avx512vbmi -mno-avx512ifma -mno-avx5124vnniw -mno-avx5124fmaps -mno-avx512vpopcntdq -mno-avx512vbmi2 -mno-gfni -mno-vpclmulqdq -mno-avx512vnni -mno-avx512bitalg -mno-avx512bf16 -mno-avx512vp2intersect -mno-3dnow -madx -mabm -mno-cldemote -mclflushopt -mclwb -mno-clzero -mcx16 -mno-enqcmd -mf16c -mfsgsbase -mfxsr -mhle -msahf -mno-lwp -mlzcnt -mmovbe -mno-movdir64b -mno-movdiri -mno-mwaitx -mno-pconfig -mpku -mno-prefetchwt1 -mprfchw -mno-ptwrite -mno-rdpid -mrdrnd -mrdseed -mrtm -mno-serialize -mno-sgx -mno-sha -mno-shstk -mno-tbm -mno-tsxldtrk -mno-vaes -mno-waitpkg -mno-wbnoinvd -mxsave -mxsavec -mxsaveopt -mxsaves -mno-amx-tile -mno-amx-int8 -mno-amx-bf16 -mno-uintr -mno-hreset -mno-kl -mno-widekl -mno-avxvnni --param=l1-cache-size=32 --param=l1-cache-line-size=64 --param=l2-cache-size=14080 -mtune=skylake-avx512 -O3 -std=f2008 -ffree-line-length-none -fallow-argument-mismatch -J ../include -fpre-include=/usr/include/finclude/math-vector-fortran.h
 Version of the MPI library : 3.1
 ===========================================================
 Profiler id :            0
 ===========================================================
 Decomp_info : decomp_main
    Global size :           65          65          65
 Uninitialized decomp_info phG
 Uninitialized decomp_info ph1
 Uninitialized decomp_info ph2
 Uninitialized decomp_info ph3
 Uninitialized decomp_info ph4
 ===========================================================
 ===========================================================
 
 ***** Using the generic FFT engine *****
 
 Id of the backend :            0
 Format : Physical in z
 
 Decomp_info : ph
    Global size :           64          64          64
 Decomp_info : sp
    Global size :           64          64          33
 
 
 ***** Using the generic FFT engine *****
 
 Id of the backend :            0
 Format : Physical in z
 
 Decomp_info : ph
    Global size :           64          64          64
 Decomp_info : sp
    Global size :           64          64          33
 
